<?xml version="1.0" encoding="UTF-8"?>
<!-- Generated by org.testng.reporters.JUnitReportReporter -->
<testsuite hostname="LIN20002860" failures="0" tests="18" name="runner.MyRunner" time="249.083" errors="1" timestamp="2022-07-08T11:39:44 IST" skipped="0">
  <testcase classname="runner.MyRunner" name="runScenario" time="33.378"/>
  <system-out/>
  <testcase classname="runner.MyRunner" name="runScenario" time="7.244"/>
  <system-out/>
  <testcase classname="runner.MyRunner" name="runScenario" time="9.755"/>
  <system-out/>
  <testcase classname="runner.MyRunner" name="runScenario" time="6.239"/>
  <system-out/>
  <testcase classname="runner.MyRunner" name="runScenario" time="10.528"/>
  <system-out/>
  <testcase classname="runner.MyRunner" name="runScenario" time="5.908"/>
  <system-out/>
  <testcase classname="runner.MyRunner" name="runScenario" time="7.462"/>
  <system-out/>
  <testcase classname="runner.MyRunner" name="runScenario" time="7.939"/>
  <system-out/>
  <testcase classname="runner.MyRunner" name="runScenario" time="7.443"/>
  <system-out/>
  <testcase classname="runner.MyRunner" name="runScenario" time="6.605"/>
  <system-out/>
  <testcase classname="runner.MyRunner" name="runScenario" time="6.482"/>
  <system-out/>
  <testcase classname="runner.MyRunner" name="runScenario" time="8.599"/>
  <system-out/>
  <testcase classname="runner.MyRunner" name="runScenario" time="26.766"/>
  <system-out/>
  <testcase classname="runner.MyRunner" name="runScenario" time="6.805"/>
  <system-out/>
  <testcase classname="runner.MyRunner" name="runScenario" time="6.840"/>
  <system-out/>
  <testcase classname="runner.MyRunner" name="runScenario" time="40.137">
    <error message="no such element: Unable to locate element: {&quot;method&quot;:&quot;css selector&quot;,&quot;selector&quot;:&quot;#button-confirm&quot;}
  (Session info: chrome=103.0.5060.114)
For documentation on this error, please visit: https://selenium.dev/exceptions/#no_such_element
Build info: version: &#039;4.2.2&#039;, revision: &#039;683ccb65d6&#039;
System info: host: &#039;LIN20002860&#039;, ip: &#039;192.168.200.165&#039;, os.name: &#039;Windows 10&#039;, os.arch: &#039;amd64&#039;, os.version: &#039;10.0&#039;, java.version: &#039;18.0.1&#039;
Driver info: org.openqa.selenium.chrome.ChromeDriver
Command: [af5588a85a1523d2cb83285ab12fee17, findElement {using=css selector, value=#button-confirm}]
Capabilities {acceptInsecureCerts: false, browserName: chrome, browserVersion: 103.0.5060.114, chrome: {chromedriverVersion: 103.0.5060.53 (a1711811edd7..., userDataDir: C:\Users\smachiwa\AppData\L...}, goog:chromeOptions: {debuggerAddress: localhost:50418}, networkConnectionEnabled: false, pageLoadStrategy: normal, platformName: WINDOWS, proxy: Proxy(), se:cdp: ws://localhost:50418/devtoo..., se:cdpVersion: 103.0.5060.114, setWindowRect: true, strictFileInteractability: false, timeouts: {implicit: 0, pageLoad: 300000, script: 30000}, unhandledPromptBehavior: dismiss and notify, webauthn:extension:credBlob: true, webauthn:extension:largeBlob: true, webauthn:virtualAuthenticators: true}
Session ID: af5588a85a1523d2cb83285ab12fee17" type="org.openqa.selenium.NoSuchElementException">
      <![CDATA[org.openqa.selenium.NoSuchElementException: no such element: Unable to locate element: {"method":"css selector","selector":"#button-confirm"}
  (Session info: chrome=103.0.5060.114)
For documentation on this error, please visit: https://selenium.dev/exceptions/#no_such_element
Build info: version: '4.2.2', revision: '683ccb65d6'
System info: host: 'LIN20002860', ip: '192.168.200.165', os.name: 'Windows 10', os.arch: 'amd64', os.version: '10.0', java.version: '18.0.1'
Driver info: org.openqa.selenium.chrome.ChromeDriver
Command: [af5588a85a1523d2cb83285ab12fee17, findElement {using=css selector, value=#button-confirm}]
Capabilities {acceptInsecureCerts: false, browserName: chrome, browserVersion: 103.0.5060.114, chrome: {chromedriverVersion: 103.0.5060.53 (a1711811edd7..., userDataDir: C:\Users\smachiwa\AppData\L...}, goog:chromeOptions: {debuggerAddress: localhost:50418}, networkConnectionEnabled: false, pageLoadStrategy: normal, platformName: WINDOWS, proxy: Proxy(), se:cdp: ws://localhost:50418/devtoo..., se:cdpVersion: 103.0.5060.114, setWindowRect: true, strictFileInteractability: false, timeouts: {implicit: 0, pageLoad: 300000, script: 30000}, unhandledPromptBehavior: dismiss and notify, webauthn:extension:credBlob: true, webauthn:extension:largeBlob: true, webauthn:virtualAuthenticators: true}
Session ID: af5588a85a1523d2cb83285ab12fee17
at java.base/jdk.internal.reflect.DirectConstructorHandleAccessor.newInstance(DirectConstructorHandleAccessor.java:67)
at java.base/java.lang.reflect.Constructor.newInstanceWithCaller(Constructor.java:499)
at java.base/java.lang.reflect.Constructor.newInstance(Constructor.java:483)
at org.openqa.selenium.remote.codec.w3c.W3CHttpResponseCodec.createException(W3CHttpResponseCodec.java:200)
at org.openqa.selenium.remote.codec.w3c.W3CHttpResponseCodec.decode(W3CHttpResponseCodec.java:133)
at org.openqa.selenium.remote.codec.w3c.W3CHttpResponseCodec.decode(W3CHttpResponseCodec.java:53)
at org.openqa.selenium.remote.HttpCommandExecutor.execute(HttpCommandExecutor.java:184)
at org.openqa.selenium.remote.service.DriverCommandExecutor.invokeExecute(DriverCommandExecutor.java:167)
at org.openqa.selenium.remote.service.DriverCommandExecutor.execute(DriverCommandExecutor.java:142)
at org.openqa.selenium.remote.RemoteWebDriver.execute(RemoteWebDriver.java:588)
at org.openqa.selenium.remote.ElementLocation$ElementFinder$2.findElement(ElementLocation.java:162)
at org.openqa.selenium.remote.ElementLocation.findElement(ElementLocation.java:60)
at org.openqa.selenium.remote.RemoteWebDriver.findElement(RemoteWebDriver.java:406)
at org.openqa.selenium.remote.RemoteWebDriver.findElement(RemoteWebDriver.java:398)
at org.openqa.selenium.support.pagefactory.DefaultElementLocator.findElement(DefaultElementLocator.java:70)
at org.openqa.selenium.support.pagefactory.internal.LocatingElementHandler.invoke(LocatingElementHandler.java:39)
at jdk.proxy2/jdk.proxy2.$Proxy28.click(Unknown Source)
at pageobjects.CheckoutPage.confirmorder(CheckoutPage.java:153)
at stepdefinitions.OrderingProductsTest.click_on_checkoutbutton_and_fill_all_delivery_details_order_is_placed(OrderingProductsTest.java:74)
at âœ½.click on checkoutbuttons and fill all delivery details order is placed(file:///C:/Users/smachiwa/Desktop/finalllyyy/SeleniumAutomationOpenCartApplication/src/test/java/features/OrderingProducts.feature:6)
]]>
    </error>
  </testcase> <!-- runScenario -->
  <system-out/>
  <testcase classname="runner.MyRunner" name="runScenario" time="37.586"/>
  <system-out/>
  <testcase classname="runner.MyRunner" name="runScenario" time="13.367"/>
  <system-out/>
</testsuite> <!-- runner.MyRunner -->
